#
# There is insufficient memory for the Java Runtime Environment to continue.
# Native memory allocation (mmap) failed to map 264241152 bytes for G1 virtual space
# Possible reasons:
#   The system is out of physical RAM or swap space
#   The process is running with CompressedOops enabled, and the Java Heap may be blocking the growth of the native heap
# Possible solutions:
#   Reduce memory load on the system
#   Increase physical memory or swap space
#   Check if swap backing store is full
#   Decrease Java heap size (-Xmx/-Xms)
#   Decrease number of Java threads
#   Decrease Java thread stack sizes (-Xss)
#   Set larger code cache with -XX:ReservedCodeCacheSize=
#   JVM is running with Zero Based Compressed Oops mode in which the Java heap is
#     placed in the first 32GB address space. The Java Heap base address is the
#     maximum limit for the native heap growth. Please use -XX:HeapBaseMinAddress
#     to set the Java Heap base and to place the Java Heap above 32GB virtual address.
# This output file may be truncated or incomplete.
#
#  Out of Memory Error (os_windows.cpp:3617), pid=28380, tid=15040
#
# JRE version:  (17.0.8.1+1) (build )
# Java VM: OpenJDK 64-Bit Server VM (17.0.8.1+1-LTS, mixed mode, sharing, tiered, compressed oops, compressed class ptrs, g1 gc, windows-amd64)
# No core dump will be written. Minidumps are not enabled by default on client versions of Windows
#

---------------  S U M M A R Y ------------

Command Line: com.xamarin.manifestmerger.Main obj\Debug\net8.0-android\android\manifestmerger.rsp

Host: 11th Gen Intel(R) Core(TM) i5-1135G7 @ 2.40GHz, 8 cores, 15G,  Windows 10 , 64 bit Build 19041 (10.0.19041.4597)
Time: Tue Jul 16 18:43:01 2024 India Standard Time elapsed time: 0.024976 seconds (0d 0h 0m 0s)

---------------  T H R E A D  ---------------

Current thread (0x00000179a1ee0640):  JavaThread "Unknown thread" [_thread_in_vm, id=15040, stack(0x0000002972e00000,0x0000002972f00000)]

Stack: [0x0000002972e00000,0x0000002972f00000]
Native frames: (J=compiled Java code, j=interpreted, Vv=VM code, C=native code)
V  [jvm.dll+0x67bf3a]
V  [jvm.dll+0x83a024]
V  [jvm.dll+0x83b7ce]
V  [jvm.dll+0x83be33]
V  [jvm.dll+0x24785f]
V  [jvm.dll+0x678cb9]
V  [jvm.dll+0x66d54a]
V  [jvm.dll+0x308feb]
V  [jvm.dll+0x310496]
V  [jvm.dll+0x36019e]
V  [jvm.dll+0x3603cf]
V  [jvm.dll+0x2dff38]
V  [jvm.dll+0x2e0ea4]
V  [jvm.dll+0x80bca1]
V  [jvm.dll+0x36df61]
V  [jvm.dll+0x7eafac]
V  [jvm.dll+0x3f0c8f]
V  [jvm.dll+0x3f28a1]
C  [jli.dll+0x528f]
C  [ucrtbase.dll+0x21bb2]
C  [KERNEL32.DLL+0x17374]
C  [ntdll.dll+0x4cc91]


---------------  P R O C E S S  ---------------

Threads class SMR info:
_java_thread_list=0x00007ffcf8ad3058, length=0, elements={
}

Java Threads: ( => current thread )

Other Threads:
  0x00000179a1f4ba00 GCTaskThread "GC Thread#0" [stack: 0x0000002972f00000,0x0000002973000000] [id=22796]
  0x00000179a1f5c490 ConcurrentGCThread "G1 Main Marker" [stack: 0x0000002973000000,0x0000002973100000] [id=14696]
  0x00000179a1f5cea0 ConcurrentGCThread "G1 Conc#0" [stack: 0x0000002973100000,0x0000002973200000] [id=19932]

[error occurred during error reporting (printing all threads), id 0xc0000005, EXCEPTION_ACCESS_VIOLATION (0xc0000005) at pc=0x00007ffcf8290927]

VM state: not at safepoint (not fully initialized)

VM Mutex/Monitor currently owned by a thread:  ([mutex/lock_event])
[0x00000179a1edd720] Heap_lock - owner thread: 0x00000179a1ee0640

Heap address: 0x0000000704c00000, size: 4020 MB, Compressed Oops mode: Zero based, Oop shift amount: 3

CDS archive(s) mapped at: [0x0000000000000000-0x0000000000000000-0x0000000000000000), size 0, SharedBaseAddress: 0x0000000800000000, ArchiveRelocationMode: 1.
Narrow klass base: 0x0000000000000000, Narrow klass shift: 0, Narrow klass range: 0x0

GC Precious Log:
<Empty>

Heap:
 garbage-first heap   total 0K, used 0K [0x0000000704c00000, 0x0000000800000000)
  region size 2048K, 0 young (0K), 0 survivors (0K)

[error occurred during error reporting (printing heap information), id 0xc0000005, EXCEPTION_ACCESS_VIOLATION (0xc0000005) at pc=0x00007ffcf8675fc9]

GC Heap History (0 events):
No events

Dll operation events (1 events):
Event: 0.014 Loaded shared library C:\Program Files (x86)\Android\openjdk\jdk-17.0.8.101-hotspot\bin\java.dll

Deoptimization events (0 events):
No events

Classes unloaded (0 events):
No events

Classes redefined (0 events):
No events

Internal exceptions (0 events):
No events

VM Operations (0 events):
No events

Events (0 events):
No events


Dynamic libraries:
0x00007ff6e3920000 - 0x00007ff6e392e000 	C:\Program Files (x86)\Android\openjdk\jdk-17.0.8.101-hotspot\bin\java.exe
0x00007ffe0fdf0000 - 0x00007ffe0ffe8000 	C:\Windows\SYSTEM32\ntdll.dll
0x00007ffe0e380000 - 0x00007ffe0e441000 	C:\Windows\System32\KERNEL32.DLL
0x00007ffe0d860000 - 0x00007ffe0db56000 	C:\Windows\System32\KERNELBASE.dll
0x00007ffe0d4f0000 - 0x00007ffe0d5f0000 	C:\Windows\System32\ucrtbase.dll
0x00007ffde8640000 - 0x00007ffde8657000 	C:\Program Files (x86)\Android\openjdk\jdk-17.0.8.101-hotspot\bin\jli.dll
0x00007ffde0fa0000 - 0x00007ffde0fbb000 	C:\Program Files (x86)\Android\openjdk\jdk-17.0.8.101-hotspot\bin\VCRUNTIME140.dll
0x00007ffdf9850000 - 0x00007ffdf9aea000 	C:\Windows\WinSxS\amd64_microsoft.windows.common-controls_6595b64144ccf1df_6.0.19041.4355_none_60b8b9eb71f62e16\COMCTL32.dll
0x00007ffe0e970000 - 0x00007ffe0eb0f000 	C:\Windows\System32\USER32.dll
0x00007ffe0d6d0000 - 0x00007ffe0d6f2000 	C:\Windows\System32\win32u.dll
0x00007ffe0f870000 - 0x00007ffe0f90e000 	C:\Windows\System32\msvcrt.dll
0x00007ffe0f9c0000 - 0x00007ffe0f9eb000 	C:\Windows\System32\GDI32.dll
0x00007ffe0dbf0000 - 0x00007ffe0dd07000 	C:\Windows\System32\gdi32full.dll
0x00007ffe0dd80000 - 0x00007ffe0de1d000 	C:\Windows\System32\msvcp_win.dll
0x00007ffe0edd0000 - 0x00007ffe0edff000 	C:\Windows\System32\IMM32.DLL
0x00007ffe059c0000 - 0x00007ffe059cc000 	C:\Program Files (x86)\Android\openjdk\jdk-17.0.8.101-hotspot\bin\vcruntime140_1.dll
0x00007ffd96120000 - 0x00007ffd961ad000 	C:\Program Files (x86)\Android\openjdk\jdk-17.0.8.101-hotspot\bin\msvcp140.dll
0x00007ffcf7fa0000 - 0x00007ffcf8c05000 	C:\Program Files (x86)\Android\openjdk\jdk-17.0.8.101-hotspot\bin\server\jvm.dll
0x00007ffe0ed20000 - 0x00007ffe0edd0000 	C:\Windows\System32\ADVAPI32.dll
0x00007ffe0e7e0000 - 0x00007ffe0e880000 	C:\Windows\System32\sechost.dll
0x00007ffe0eb10000 - 0x00007ffe0ec33000 	C:\Windows\System32\RPCRT4.dll
0x00007ffe0d6a0000 - 0x00007ffe0d6c7000 	C:\Windows\System32\bcrypt.dll
0x00007ffe0cea0000 - 0x00007ffe0ceeb000 	C:\Windows\SYSTEM32\POWRPROF.dll
0x00007ffe054e0000 - 0x00007ffe054ea000 	C:\Windows\SYSTEM32\VERSION.dll
0x00007ffdec1a0000 - 0x00007ffdec1a9000 	C:\Windows\SYSTEM32\WSOCK32.dll
0x00007ffdeea90000 - 0x00007ffdeeab7000 	C:\Windows\SYSTEM32\WINMM.dll
0x00007ffe0f770000 - 0x00007ffe0f7db000 	C:\Windows\System32\WS2_32.dll
0x00007ffe0ce80000 - 0x00007ffe0ce92000 	C:\Windows\SYSTEM32\UMPDC.dll
0x00007ffe0baa0000 - 0x00007ffe0bab2000 	C:\Windows\SYSTEM32\kernel.appcore.dll
0x00007ffdf7db0000 - 0x00007ffdf7dba000 	C:\Program Files (x86)\Android\openjdk\jdk-17.0.8.101-hotspot\bin\jimage.dll
0x00007ffe0af00000 - 0x00007ffe0b0e4000 	C:\Windows\SYSTEM32\DBGHELP.DLL
0x00007ffde3300000 - 0x00007ffde3334000 	C:\Windows\SYSTEM32\dbgcore.DLL
0x00007ffe0db60000 - 0x00007ffe0dbe2000 	C:\Windows\System32\bcryptPrimitives.dll
0x00007ffdcca40000 - 0x00007ffdcca65000 	C:\Program Files (x86)\Android\openjdk\jdk-17.0.8.101-hotspot\bin\java.dll

dbghelp: loaded successfully - version: 4.0.5 - missing functions: none
symbol engine: initialized successfully - sym options: 0x614 - pdb path: .;C:\Program Files (x86)\Android\openjdk\jdk-17.0.8.101-hotspot\bin;C:\Windows\SYSTEM32;C:\Windows\WinSxS\amd64_microsoft.windows.common-controls_6595b64144ccf1df_6.0.19041.4355_none_60b8b9eb71f62e16;C:\Program Files (x86)\Android\openjdk\jdk-17.0.8.101-hotspot\bin\server

VM Arguments:
java_command: com.xamarin.manifestmerger.Main obj\Debug\net8.0-android\android\manifestmerger.rsp
java_class_path (initial): C:\Program Files\dotnet\packs\Microsoft.Android.Sdk.Windows\34.0.52\tools\manifestmerger.jar
Launcher Type: SUN_STANDARD

[Global flags]
     intx CICompilerCount                          = 4                                         {product} {ergonomic}
     uint ConcGCThreads                            = 2                                         {product} {ergonomic}
     uint G1ConcRefinementThreads                  = 8                                         {product} {ergonomic}
   size_t G1HeapRegionSize                         = 2097152                                   {product} {ergonomic}
    uintx GCDrainStackTargetSize                   = 64                                        {product} {ergonomic}
   size_t InitialHeapSize                          = 264241152                                 {product} {ergonomic}
   size_t MarkStackSize                            = 4194304                                   {product} {ergonomic}
   size_t MaxHeapSize                              = 4215275520                                {product} {ergonomic}
   size_t MinHeapDeltaBytes                        = 2097152                                   {product} {ergonomic}
   size_t MinHeapSize                              = 8388608                                   {product} {ergonomic}
    uintx NonNMethodCodeHeapSize                   = 5839372                                {pd product} {ergonomic}
    uintx NonProfiledCodeHeapSize                  = 122909434                              {pd product} {ergonomic}
    uintx ProfiledCodeHeapSize                     = 122909434                              {pd product} {ergonomic}
    uintx ReservedCodeCacheSize                    = 251658240                              {pd product} {ergonomic}
     bool SegmentedCodeCache                       = true                                      {product} {ergonomic}
   size_t SoftMaxHeapSize                          = 4215275520                             {manageable} {ergonomic}
     bool UseCompressedClassPointers               = true                           {product lp64_product} {ergonomic}
     bool UseCompressedOops                        = true                           {product lp64_product} {ergonomic}
     bool UseG1GC                                  = true                                      {product} {ergonomic}
     bool UseLargePagesIndividualAllocation        = false                                  {pd product} {ergonomic}

Logging:
Log output configuration:
 #0: stdout all=warning uptime,level,tags
 #1: stderr all=off uptime,level,tags

Environment Variables:
PATH=C:\Program Files (x86)\Android\openjdk\jdk-17.0.8.101-hotspot\bin;C:\Program Files\Microsoft\jdk-11.0.16.101-hotspot\bin;C:\Windows\system32;C:\Windows;C:\Windows\System32\Wbem;C:\Windows\System32\WindowsPowerShell\v1.0\;C:\Windows\System32\OpenSSH\;C:\Program Files\dotnet\;C:\Program Files\Microsoft VS Code\bin;C:\Program Files\Microsoft SQL Server\150\Tools\Binn\;C:\Program Files\Git\cmd;C:\Program Files\TortoiseGit\bin;C:\Program Files\TortoiseSVN\bin;C:\Program Files\Microsoft SQL Server\Client SDK\ODBC\170\Tools\Binn\;C:\Users\AarthiArjunan\AppData\Local\Microsoft\WindowsApps;C:\Users\AarthiArjunan\.dotnet\tools
USERNAME=AarthiArjunan
OS=Windows_NT
PROCESSOR_IDENTIFIER=Intel64 Family 6 Model 140 Stepping 1, GenuineIntel
TMP=C:\Users\AARTHI~1\AppData\Local\Temp
TEMP=C:\Users\AARTHI~1\AppData\Local\Temp



---------------  S Y S T E M  ---------------

OS:
 Windows 10 , 64 bit Build 19041 (10.0.19041.4597)
OS uptime: 0 days 7:51 hours
Hyper-V role detected

CPU: total 8 (initial active 8) (4 cores per cpu, 2 threads per core) family 6 model 140 stepping 1 microcode 0x9a, cx8, cmov, fxsr, ht, mmx, 3dnowpref, sse, sse2, sse3, ssse3, sse4.1, sse4.2, popcnt, lzcnt, tsc, tscinvbit, avx, avx2, aes, erms, clmul, bmi1, bmi2, adx, avx512f, avx512dq, avx512cd, avx512bw, avx512vl, sha, fma, vzeroupper, avx512_vpopcntdq, avx512_vpclmulqdq, avx512_vaes, avx512_vnni, clflush, clflushopt, clwb, avx512_vbmi2, avx512_vbmi, hv
Processor Information for all 8 processors :
  Max Mhz: 2419, Current Mhz: 2419, Mhz Limit: 2419

Memory: 4k page, system-wide physical 16077M (590M free)
TotalPageFile size 29041M (AvailPageFile size 315M)
current process WorkingSet (physical memory assigned to process): 10M, peak: 10M
current process commit charge ("private bytes"): 60M, peak: 312M

vm_info: OpenJDK 64-Bit Server VM (17.0.8.1+1-LTS) for windows-amd64 JRE (17.0.8.1+1-LTS), built on Aug 23 2023 17:38:52 by "MicrosoftCorporation" with MS VC++ 16.10 / 16.11 (VS2019)

END.
